[debug] [2023-09-04T15:07:54.042Z] ----------------------------------------------------------------------
[debug] [2023-09-04T15:07:54.043Z] Command:       C:\Program Files\nodejs\node.exe C:\Users\Waseem K\AppData\Roaming\npm\node_modules\firebase-tools\lib\bin\firebase.js init
[debug] [2023-09-04T15:07:54.044Z] CLI Version:   12.5.2
[debug] [2023-09-04T15:07:54.044Z] Platform:      win32
[debug] [2023-09-04T15:07:54.044Z] Node Version:  v18.12.1
[debug] [2023-09-04T15:07:54.045Z] Time:          Mon Sep 04 2023 20:37:54 GMT+0530 (India Standard Time)
[debug] [2023-09-04T15:07:54.045Z] ----------------------------------------------------------------------
[debug] 
[debug] [2023-09-04T15:07:54.102Z] > command requires scopes: ["email","openid","https://www.googleapis.com/auth/cloudplatformprojects.readonly","https://www.googleapis.com/auth/firebase","https://www.googleapis.com/auth/cloud-platform"]
[debug] [2023-09-04T15:07:54.103Z] > authorizing via signed-in user (waseemk0838@gmail.com)
[info] 
     ######## #### ########  ######## ########     ###     ######  ########
     ##        ##  ##     ## ##       ##     ##  ##   ##  ##       ##
     ######    ##  ########  ######   ########  #########  ######  ######
     ##        ##  ##    ##  ##       ##     ## ##     ##       ## ##
     ##       #### ##     ## ######## ########  ##     ##  ######  ########

You're about to initialize a Firebase project in this directory:

  C:\Users\Waseem K

Before we get started, keep in mind:

  * You are initializing within an existing Firebase project directory

[info] 
=== Project Setup
[info] 
[info] First, let's associate this project directory with a Firebase project.
[info] You can create multiple project aliases by running firebase use --add, 
[info] but for now we'll just set up a default project.
[info] 
[debug] [2023-09-04T15:07:57.955Z] Using project from CLI flag: texto-d141f
[debug] [2023-09-04T15:07:57.958Z] >>> [apiv2][query] GET https://firebase.googleapis.com/v1beta1/projects/texto-d141f [none]
[debug] [2023-09-04T15:07:58.493Z] <<< [apiv2][status] GET https://firebase.googleapis.com/v1beta1/projects/texto-d141f 200
[debug] [2023-09-04T15:07:58.493Z] <<< [apiv2][body] GET https://firebase.googleapis.com/v1beta1/projects/texto-d141f {"projectId":"texto-d141f","projectNumber":"956856675509","displayName":"texto","name":"projects/texto-d141f","resources":{"hostingSite":"texto-d141f"},"state":"ACTIVE","etag":"1_c57f49df-6cf3-40ff-be8a-f62334fadd98"}
[info] i  Using project texto-d141f (texto) 
[info] 
=== Hosting Setup
[info] 
[info] Your public directory is the folder (relative to your project directory) that
[info] will contain Hosting assets to be uploaded with firebase deploy. If you
[info] have a build process for your assets, use your build's output directory.
[info] 
